10:41:19 LOAD started
10:41:19 LOAD done, 99 lines written, 0 faulty lines
10:41:19 DUPL started
10:41:19 DUPL removing finished
10:41:19 DUPL done, 0 duplicities removed
10:41:19 CNOD started
10:41:19 CNOD done
10:41:19 PRED prediction started
10:41:19 LOAD started
10:41:19 LOAD done, 9 lines written, 9 faulty lines
10:41:19 PRED prediction done
10:41:19 EVAL evaluating the prediction
10:41:19 LOAD started
10:41:19 LOAD done, 9 lines written, 0 faulty lines
16:09:12 LOAD started
16:09:12 LOAD done, 99 lines written, 0 faulty lines
16:09:12 DUPL started
16:09:12 DUPL removing finished
16:09:12 DUPL done, 0 duplicities removed
16:09:12 CNOD started
16:09:12 CNOD done
16:09:12 PRED prediction started
16:09:12 LOAD started
16:09:12 LOAD done, 8 lines written, 0 faulty lines
16:09:12 PRED prediction done
16:09:12 EVAL evaluating the prediction
16:09:12 LOAD started
16:09:12 LOAD done, 9 lines written, 0 faulty lines
16:09:12 EVAL evaluating done
16:09:12 =====================================
16:09:12 File: delays.csv
16:09:12 Method: nodeList + average
16:09:12 Prediction error: -1.25 min
16:09:12 Zero error: 7.25 min, delta: -82.76%
16:09:12 Average error: -0.27 min, delta:362.62%
16:09:12 =====================================
16:09:12 EXPO started
16:09:12 EXPO done
